#
# There is insufficient memory for the Java Runtime Environment to continue.
# Native memory allocation (mmap) failed to map 805306368 bytes for committing reserved memory.
# Possible reasons:
#   The system is out of physical RAM or swap space
#   The process is running with CompressedOops enabled, and the Java Heap may be blocking the growth of the native heap
# Possible solutions:
#   Reduce memory load on the system
#   Increase physical memory or swap space
#   Check if swap backing store is full
#   Decrease Java heap size (-Xmx/-Xms)
#   Decrease number of Java threads
#   Decrease Java thread stack sizes (-Xss)
#   Set larger code cache with -XX:ReservedCodeCacheSize=
# This output file may be truncated or incomplete.
#
#  Out of Memory Error (os_linux.cpp:2852), pid=30186, tid=30187
#
# JRE version:  (11.0.6+10) (build )
# Java VM: OpenJDK 64-Bit Server VM (11.0.6+10-post-Ubuntu-1ubuntu118.04.1, mixed mode, sharing, tiered, compressed oops, g1 gc, linux-amd64)
# Core dump will be written. Default location: Core dumps may be processed with "/lib/systemd/systemd-coredump %P %u %g %s %t 9223372036854775808 %e" (or dumping to /home/yvan/dev/webapp_checklist/core.30186)
#

---------------  S U M M A R Y ------------

Command Line: -Denv=development -Dfull.stacktrace=false -Dgrails.env=development -Dgrails.full.stacktrace=false -Dinfo.app.grailsVersion=4.1.0.M2 -Dinfo.app.name=webapp_checklist -Dinfo.app.version=0.1 -Dmanagement.endpoints.shutdown.enabled=true -Drun.active=true -Dspring.output.ansi.enabled=always -Dspring.profiles.active -Dverbose=false -XX:+TieredCompilation -XX:TieredStopAtLevel=1 -XX:CICompilerCount=3 -Xverify:none -XX:TieredStopAtLevel=1 -Xverify:none -XX:TieredStopAtLevel=1 -Xms768m -Xmx1024m -Dfile.encoding=UTF-8 -Duser.country=DE -Duser.language=de -Duser.variant checklist.Application

Host: Intel(R) Core(TM) i5-5300U CPU @ 2.30GHz, 4 cores, 11G, Linux Mint 19.3 Tricia
Time: Sat Jan  9 22:44:36 2021 CET elapsed time: 0 seconds (0d 0h 0m 0s)

---------------  T H R E A D  ---------------

Current thread (0x00007ff6d801d000):  JavaThread "Unknown thread" [_thread_in_vm, id=30187, stack(0x00007ff6e1632000,0x00007ff6e1733000)]

Stack: [0x00007ff6e1632000,0x00007ff6e1733000],  sp=0x00007ff6e1731220,  free space=1020k
Native frames: (J=compiled Java code, A=aot compiled Java code, j=interpreted, Vv=VM code, C=native code)
V  [libjvm.so+0xdefa33]
V  [libjvm.so+0xdf06bb]
V  [libjvm.so+0x6508a5]
V  [libjvm.so+0xbc9608]
V  [libjvm.so+0xbc161d]
V  [libjvm.so+0x76ed4f]
V  [libjvm.so+0x76efbe]
V  [libjvm.so+0x77b030]
V  [libjvm.so+0x7f6359]
V  [libjvm.so+0x7f6fb2]
V  [libjvm.so+0x7f7419]
V  [libjvm.so+0x72d4df]
V  [libjvm.so+0x72dbcd]
V  [libjvm.so+0xdaa0a2]
V  [libjvm.so+0xdaa336]
V  [libjvm.so+0x817157]
V  [libjvm.so+0xd81ac7]
V  [libjvm.so+0x8d1671]  JNI_CreateJavaVM+0x51
C  [libjli.so+0x4a66]
C  [libjli.so+0x92cd]


---------------  P R O C E S S  ---------------

Threads class SMR info:
_java_thread_list=0x000055fa12d30f40, length=0, elements={
}

Java Threads: ( => current thread )

Other Threads:
  0x00007ff6d8035800 GCTaskThread "GC Thread#0" [stack: 0x00007ff6dd61f000,0x00007ff6dd71f000] [id=30188]
  0x00007ff6d8051800 ConcurrentGCThread "G1 Main Marker" [stack: 0x00007ff6dcb19000,0x00007ff6dcc19000] [id=30189]
  0x00007ff6d8053800 ConcurrentGCThread "G1 Conc#0" [stack: 0x00007ff6dca17000,0x00007ff6dcb17000] [id=30190]

[error occurred during error reporting (printing all threads), id 0xb, SIGSEGV (0xb) at pc=0x00007ff6dfc09820]

VM state:not at safepoint (not fully initialized)

VM Mutex/Monitor currently owned by a thread:  ([mutex/lock_event])
[0x00007ff6d8019d50] Heap_lock - owner thread: 0x00007ff6d801d000

Heap address: 0x00000000c0000000, size: 1024 MB, Compressed Oops mode: Non-zero based: 0x00000000c0000000
Narrow klass base: 0x0000000000000000, Narrow klass shift: 0

GC Heap History (0 events):
No events

Deoptimization events (0 events):
No events

Classes redefined (0 events):
No events

Internal exceptions (0 events):
No events

Events (3 events):
Event: 0.003 Protecting memory [0x00007ff6e1632000,0x00007ff6e1636000] with protection modes 0
Event: 0.003 Loaded shared library /usr/lib/jvm/java-11-openjdk-amd64/lib/libzip.so
Event: 0.003 Loaded shared library /usr/lib/jvm/java-11-openjdk-amd64/lib/libjimage.so


Dynamic libraries:
f0000000-100000000 ---p 00000000 00:00 0 
55fa11af8000-55fa11af9000 r-xp 00000000 08:05 6558726                    /usr/lib/jvm/java-11-openjdk-amd64/bin/java
55fa11cf9000-55fa11cfa000 r--p 00001000 08:05 6558726                    /usr/lib/jvm/java-11-openjdk-amd64/bin/java
55fa11cfa000-55fa11cfb000 rw-p 00002000 08:05 6558726                    /usr/lib/jvm/java-11-openjdk-amd64/bin/java
55fa12d11000-55fa12d5a000 rw-p 00000000 00:00 0                          [heap]
7ff6ac000000-7ff6ac021000 rw-p 00000000 00:00 0 
7ff6ac021000-7ff6b0000000 ---p 00000000 00:00 0 
7ff6b4000000-7ff6b4021000 rw-p 00000000 00:00 0 
7ff6b4021000-7ff6b8000000 ---p 00000000 00:00 0 
7ff6b8000000-7ff6ba000000 rw-p 00000000 00:00 0 
7ff6ba000000-7ff6bc000000 ---p 00000000 00:00 0 
7ff6bc000000-7ff6bc021000 rw-p 00000000 00:00 0 
7ff6bc021000-7ff6c0000000 ---p 00000000 00:00 0 
7ff6c0910000-7ff6c0b80000 rwxp 00000000 00:00 0 
7ff6c0b80000-7ff6c0fb7000 ---p 00000000 00:00 0 
7ff6c0fb7000-7ff6c1227000 rwxp 00000000 00:00 0 
7ff6c1227000-7ff6cf910000 ---p 00000000 00:00 0 
7ff6cf910000-7ff6d8000000 r--s 00000000 08:05 6561115                    /usr/lib/jvm/java-11-openjdk-amd64/lib/modules
7ff6d8000000-7ff6d806e000 rw-p 00000000 00:00 0 
7ff6d806e000-7ff6dc000000 ---p 00000000 00:00 0 
7ff6dc611000-7ff6dca15000 rw-p 00000000 00:00 0 
7ff6dca15000-7ff6dca16000 ---p 00000000 00:00 0 
7ff6dca16000-7ff6dcb17000 rw-p 00000000 00:00 0 
7ff6dcb17000-7ff6dcb18000 ---p 00000000 00:00 0 
7ff6dcb18000-7ff6dcc19000 rw-p 00000000 00:00 0 
7ff6dcc19000-7ff6dd219000 ---p 00000000 00:00 0 
7ff6dd219000-7ff6dd61d000 rw-p 00000000 00:00 0 
7ff6dd61d000-7ff6dd61e000 ---p 00000000 00:00 0 
7ff6dd61e000-7ff6dd724000 rw-p 00000000 00:00 0 
7ff6dd724000-7ff6dd8f2000 ---p 00000000 00:00 0 
7ff6dd8f2000-7ff6dd8f7000 r-xp 00000000 08:05 6561097                    /usr/lib/jvm/java-11-openjdk-amd64/lib/libjimage.so
7ff6dd8f7000-7ff6ddaf6000 ---p 00005000 08:05 6561097                    /usr/lib/jvm/java-11-openjdk-amd64/lib/libjimage.so
7ff6ddaf6000-7ff6ddaf7000 r--p 00004000 08:05 6561097                    /usr/lib/jvm/java-11-openjdk-amd64/lib/libjimage.so
7ff6ddaf7000-7ff6ddaf8000 rw-p 00005000 08:05 6561097                    /usr/lib/jvm/java-11-openjdk-amd64/lib/libjimage.so
7ff6ddaf8000-7ff6ddaff000 r-xp 00000000 08:05 6561114                    /usr/lib/jvm/java-11-openjdk-amd64/lib/libzip.so
7ff6ddaff000-7ff6ddcfe000 ---p 00007000 08:05 6561114                    /usr/lib/jvm/java-11-openjdk-amd64/lib/libzip.so
7ff6ddcfe000-7ff6ddcff000 r--p 00006000 08:05 6561114                    /usr/lib/jvm/java-11-openjdk-amd64/lib/libzip.so
7ff6ddcff000-7ff6ddd00000 rw-p 00007000 08:05 6561114                    /usr/lib/jvm/java-11-openjdk-amd64/lib/libzip.so
7ff6ddd00000-7ff6ddd0b000 r-xp 00000000 08:05 4592722                    /lib/x86_64-linux-gnu/libnss_files-2.27.so
7ff6ddd0b000-7ff6ddf0a000 ---p 0000b000 08:05 4592722                    /lib/x86_64-linux-gnu/libnss_files-2.27.so
7ff6ddf0a000-7ff6ddf0b000 r--p 0000a000 08:05 4592722                    /lib/x86_64-linux-gnu/libnss_files-2.27.so
7ff6ddf0b000-7ff6ddf0c000 rw-p 0000b000 08:05 4592722                    /lib/x86_64-linux-gnu/libnss_files-2.27.so
7ff6ddf0c000-7ff6ddf12000 rw-p 00000000 00:00 0 
7ff6ddf12000-7ff6ddf29000 r-xp 00000000 08:05 4592716                    /lib/x86_64-linux-gnu/libnsl-2.27.so
7ff6ddf29000-7ff6de128000 ---p 00017000 08:05 4592716                    /lib/x86_64-linux-gnu/libnsl-2.27.so
7ff6de128000-7ff6de129000 r--p 00016000 08:05 4592716                    /lib/x86_64-linux-gnu/libnsl-2.27.so
7ff6de129000-7ff6de12a000 rw-p 00017000 08:05 4592716                    /lib/x86_64-linux-gnu/libnsl-2.27.so
7ff6de12a000-7ff6de12c000 rw-p 00000000 00:00 0 
7ff6de12c000-7ff6de137000 r-xp 00000000 08:05 4592733                    /lib/x86_64-linux-gnu/libnss_nis-2.27.so
7ff6de137000-7ff6de336000 ---p 0000b000 08:05 4592733                    /lib/x86_64-linux-gnu/libnss_nis-2.27.so
7ff6de336000-7ff6de337000 r--p 0000a000 08:05 4592733                    /lib/x86_64-linux-gnu/libnss_nis-2.27.so
7ff6de337000-7ff6de338000 rw-p 0000b000 08:05 4592733                    /lib/x86_64-linux-gnu/libnss_nis-2.27.so
7ff6de338000-7ff6de340000 r-xp 00000000 08:05 4592718                    /lib/x86_64-linux-gnu/libnss_compat-2.27.so
7ff6de340000-7ff6de540000 ---p 00008000 08:05 4592718                    /lib/x86_64-linux-gnu/libnss_compat-2.27.so
7ff6de540000-7ff6de541000 r--p 00008000 08:05 4592718                    /lib/x86_64-linux-gnu/libnss_compat-2.27.so
7ff6de541000-7ff6de542000 rw-p 00009000 08:05 4592718                    /lib/x86_64-linux-gnu/libnss_compat-2.27.so
7ff6de542000-7ff6de56b000 r-xp 00000000 08:05 6561093                    /usr/lib/jvm/java-11-openjdk-amd64/lib/libjava.so
7ff6de56b000-7ff6de76a000 ---p 00029000 08:05 6561093                    /usr/lib/jvm/java-11-openjdk-amd64/lib/libjava.so
7ff6de76a000-7ff6de76b000 r--p 00028000 08:05 6561093                    /usr/lib/jvm/java-11-openjdk-amd64/lib/libjava.so
7ff6de76b000-7ff6de76d000 rw-p 00029000 08:05 6561093                    /usr/lib/jvm/java-11-openjdk-amd64/lib/libjava.so
7ff6de76d000-7ff6de77a000 r-xp 00000000 08:05 6561113                    /usr/lib/jvm/java-11-openjdk-amd64/lib/libverify.so
7ff6de77a000-7ff6de979000 ---p 0000d000 08:05 6561113                    /usr/lib/jvm/java-11-openjdk-amd64/lib/libverify.so
7ff6de979000-7ff6de97b000 r--p 0000c000 08:05 6561113                    /usr/lib/jvm/java-11-openjdk-amd64/lib/libverify.so
7ff6de97b000-7ff6de97c000 rw-p 0000e000 08:05 6561113                    /usr/lib/jvm/java-11-openjdk-amd64/lib/libverify.so
7ff6de97c000-7ff6de983000 r-xp 00000000 08:05 4592773                    /lib/x86_64-linux-gnu/librt-2.27.so
7ff6de983000-7ff6deb82000 ---p 00007000 08:05 4592773                    /lib/x86_64-linux-gnu/librt-2.27.so
7ff6deb82000-7ff6deb83000 r--p 00006000 08:05 4592773                    /lib/x86_64-linux-gnu/librt-2.27.so
7ff6deb83000-7ff6deb84000 rw-p 00007000 08:05 4592773                    /lib/x86_64-linux-gnu/librt-2.27.so
7ff6deb84000-7ff6deb9b000 r-xp 00000000 08:05 4592500                    /lib/x86_64-linux-gnu/libgcc_s.so.1
7ff6deb9b000-7ff6ded9a000 ---p 00017000 08:05 4592500                    /lib/x86_64-linux-gnu/libgcc_s.so.1
7ff6ded9a000-7ff6ded9b000 r--p 00016000 08:05 4592500                    /lib/x86_64-linux-gnu/libgcc_s.so.1
7ff6ded9b000-7ff6ded9c000 rw-p 00017000 08:05 4592500                    /lib/x86_64-linux-gnu/libgcc_s.so.1
7ff6ded9c000-7ff6def39000 r-xp 00000000 08:05 4592695                    /lib/x86_64-linux-gnu/libm-2.27.so
7ff6def39000-7ff6df138000 ---p 0019d000 08:05 4592695                    /lib/x86_64-linux-gnu/libm-2.27.so
7ff6df138000-7ff6df139000 r--p 0019c000 08:05 4592695                    /lib/x86_64-linux-gnu/libm-2.27.so
7ff6df139000-7ff6df13a000 rw-p 0019d000 08:05 4592695                    /lib/x86_64-linux-gnu/libm-2.27.so
7ff6df13a000-7ff6df2b3000 r-xp 00000000 08:05 6558452                    /usr/lib/x86_64-linux-gnu/libstdc++.so.6.0.25
7ff6df2b3000-7ff6df4b3000 ---p 00179000 08:05 6558452                    /usr/lib/x86_64-linux-gnu/libstdc++.so.6.0.25
7ff6df4b3000-7ff6df4bd000 r--p 00179000 08:05 6558452                    /usr/lib/x86_64-linux-gnu/libstdc++.so.6.0.25
7ff6df4bd000-7ff6df4bf000 rw-p 00183000 08:05 6558452                    /usr/lib/x86_64-linux-gnu/libstdc++.so.6.0.25
7ff6df4bf000-7ff6df4c3000 rw-p 00000000 00:00 0 
7ff6df4c3000-7ff6e059c000 r-xp 00000000 08:05 6561118                    /usr/lib/jvm/java-11-openjdk-amd64/lib/server/libjvm.so
7ff6e059c000-7ff6e079b000 ---p 010d9000 08:05 6561118                    /usr/lib/jvm/java-11-openjdk-amd64/lib/server/libjvm.so
7ff6e079b000-7ff6e0858000 r--p 010d8000 08:05 6561118                    /usr/lib/jvm/java-11-openjdk-amd64/lib/server/libjvm.so
7ff6e0858000-7ff6e0892000 rw-p 01195000 08:05 6561118                    /usr/lib/jvm/java-11-openjdk-amd64/lib/server/libjvm.so
7ff6e0892000-7ff6e08e8000 rw-p 00000000 00:00 0 
7ff6e08e8000-7ff6e0902000 r-xp 00000000 08:05 4592765                    /lib/x86_64-linux-gnu/libpthread-2.27.so
7ff6e0902000-7ff6e0b01000 ---p 0001a000 08:05 4592765                    /lib/x86_64-linux-gnu/libpthread-2.27.so
7ff6e0b01000-7ff6e0b02000 r--p 00019000 08:05 4592765                    /lib/x86_64-linux-gnu/libpthread-2.27.so
7ff6e0b02000-7ff6e0b03000 rw-p 0001a000 08:05 4592765                    /lib/x86_64-linux-gnu/libpthread-2.27.so
7ff6e0b03000-7ff6e0b07000 rw-p 00000000 00:00 0 
7ff6e0b07000-7ff6e0b0a000 r-xp 00000000 08:05 4592655                    /lib/x86_64-linux-gnu/libdl-2.27.so
7ff6e0b0a000-7ff6e0d09000 ---p 00003000 08:05 4592655                    /lib/x86_64-linux-gnu/libdl-2.27.so
7ff6e0d09000-7ff6e0d0a000 r--p 00002000 08:05 4592655                    /lib/x86_64-linux-gnu/libdl-2.27.so
7ff6e0d0a000-7ff6e0d0b000 rw-p 00003000 08:05 4592655                    /lib/x86_64-linux-gnu/libdl-2.27.so
7ff6e0d0b000-7ff6e0d27000 r-xp 00000000 08:05 4592806                    /lib/x86_64-linux-gnu/libz.so.1.2.11
7ff6e0d27000-7ff6e0f26000 ---p 0001c000 08:05 4592806                    /lib/x86_64-linux-gnu/libz.so.1.2.11
7ff6e0f26000-7ff6e0f27000 r--p 0001b000 08:05 4592806                    /lib/x86_64-linux-gnu/libz.so.1.2.11
7ff6e0f27000-7ff6e0f28000 rw-p 0001c000 08:05 4592806                    /lib/x86_64-linux-gnu/libz.so.1.2.11
7ff6e0f28000-7ff6e110f000 r-xp 00000000 08:05 4592632                    /lib/x86_64-linux-gnu/libc-2.27.so
7ff6e110f000-7ff6e130f000 ---p 001e7000 08:05 4592632                    /lib/x86_64-linux-gnu/libc-2.27.so
7ff6e130f000-7ff6e1313000 r--p 001e7000 08:05 4592632                    /lib/x86_64-linux-gnu/libc-2.27.so
7ff6e1313000-7ff6e1315000 rw-p 001eb000 08:05 4592632                    /lib/x86_64-linux-gnu/libc-2.27.so
7ff6e1315000-7ff6e1319000 rw-p 00000000 00:00 0 
7ff6e1319000-7ff6e1329000 r-xp 00000000 08:05 6558847                    /usr/lib/jvm/java-11-openjdk-amd64/lib/jli/libjli.so
7ff6e1329000-7ff6e1528000 ---p 00010000 08:05 6558847                    /usr/lib/jvm/java-11-openjdk-amd64/lib/jli/libjli.so
7ff6e1528000-7ff6e1529000 r--p 0000f000 08:05 6558847                    /usr/lib/jvm/java-11-openjdk-amd64/lib/jli/libjli.so
7ff6e1529000-7ff6e152a000 rw-p 00010000 08:05 6558847                    /usr/lib/jvm/java-11-openjdk-amd64/lib/jli/libjli.so
7ff6e152a000-7ff6e1551000 r-xp 00000000 08:05 4592604                    /lib/x86_64-linux-gnu/ld-2.27.so
7ff6e160f000-7ff6e1632000 rw-p 00000000 00:00 0 
7ff6e1632000-7ff6e1636000 ---p 00000000 00:00 0 
7ff6e1636000-7ff6e173a000 rw-p 00000000 00:00 0 
7ff6e173a000-7ff6e1743000 ---p 00000000 00:00 0 
7ff6e1743000-7ff6e1745000 r--s 00007000 08:05 396698                     /usr/share/java/java-atk-wrapper.jar
7ff6e1745000-7ff6e174d000 rw-s 00000000 08:05 3409011                    /tmp/hsperfdata_yvan/30186
7ff6e174d000-7ff6e174e000 ---p 00000000 00:00 0 
7ff6e174e000-7ff6e174f000 r--p 00000000 00:00 0 
7ff6e174f000-7ff6e1751000 rw-p 00000000 00:00 0 
7ff6e1751000-7ff6e1752000 r--p 00027000 08:05 4592604                    /lib/x86_64-linux-gnu/ld-2.27.so
7ff6e1752000-7ff6e1753000 rw-p 00028000 08:05 4592604                    /lib/x86_64-linux-gnu/ld-2.27.so
7ff6e1753000-7ff6e1754000 rw-p 00000000 00:00 0 
7ffc37d55000-7ffc37d7e000 rw-p 00000000 00:00 0                          [stack]
7ffc37de1000-7ffc37de4000 r--p 00000000 00:00 0                          [vvar]
7ffc37de4000-7ffc37de6000 r-xp 00000000 00:00 0                          [vdso]
ffffffffff600000-ffffffffff601000 r-xp 00000000 00:00 0                  [vsyscall]


VM Arguments:
jvm_args: -Denv=development -Dfull.stacktrace=false -Dgrails.env=development -Dgrails.full.stacktrace=false -Dinfo.app.grailsVersion=4.1.0.M2 -Dinfo.app.name=webapp_checklist -Dinfo.app.version=0.1 -Dmanagement.endpoints.shutdown.enabled=true -Drun.active=true -Dspring.output.ansi.enabled=always -Dspring.profiles.active -Dverbose=false -XX:+TieredCompilation -XX:TieredStopAtLevel=1 -XX:CICompilerCount=3 -Xverify:none -XX:TieredStopAtLevel=1 -Xverify:none -XX:TieredStopAtLevel=1 -Xms768m -Xmx1024m -Dfile.encoding=UTF-8 -Duser.country=DE -Duser.language=de -Duser.variant 
java_command: checklist.Application
java_class_path (initial): /home/yvan/dev/webapp_checklist/src/main/resources:/home/yvan/dev/webapp_checklist/grails-app/views:/home/yvan/dev/webapp_checklist/grails-app/i18n:/home/yvan/dev/webapp_checklist/grails-app/conf:/home/yvan/dev/webapp_checklist/build/classes/java/main:/home/yvan/dev/webapp_checklist/build/classes/groovy/main:/home/yvan/dev/webapp_checklist/gsp-classes:/home/yvan/.gradle/caches/modules-2/files-2.1/org.springframework.boot/spring-boot-devtools/2.2.8.RELEASE/76b0c0cdbf1aeff29f28ce799a20c25b546741f5/spring-boot-devtools-2.2.8.RELEASE.jar:/home/yvan/.gradle/caches/modules-2/files-2.1/org.springframework.boot/spring-boot-starter-actuator/2.2.8.RELEASE/872c2be89308a34db191873d0b1a9200a237e8e2/spring-boot-starter-actuator-2.2.8.RELEASE.jar:/home/yvan/.gradle/caches/modules-2/files-2.1/org.springframework.boot/spring-boot-starter/2.2.8.RELEASE/c2702dcec737f7ecb8657e49323bdea4613225df/spring-boot-starter-2.2.8.RELEASE.jar:/home/yvan/.gradle/caches/modules-2/files-2.1/org.springframework.boot/spring-boot-starter-logging/2.2.8.RELEASE/cf23c21306f039163ec8c49ea8e3938f105a7a86/spring-boot-starter-logging-2.2.8.RELEASE.jar:/home/yvan/.gradle/caches/modules-2/files-2.1/org.springframework.boot/spring-boot-actuator-autoconfigure/2.2.8.RELEASE/997da5647500f3f5f999ed3857e44791b6320888/spring-boot-actuator-autoconfigure-2.2.8.RELEASE.jar:/home/yvan/.gradle/caches/modules-2/files-2.1/org.grails/grails-plugin-rest/4.1.0.M2/4af6cfed815f211b0d22f8abefa8cd47c001d6fd/grails-plugin-rest-4.1.0.M2.jar:/home/yvan/.gradle/caches/modules-2/files-2.1/org.grails/grails-plugin-interceptors/4.1.0.M2/9f68f20112f1e2b0e938aae3b5626a95266bdd95/grails-plugin-interceptors-4.1.0.M2.jar:/home/yvan/.gradle/caches/modules-2/files-2.1/org.grails/grails-plugin-url-mappings/4.1.0.M2/612cd206e033c2edffa608c61c571d170be4b5ae/grails-plugin-url-mappings-4.1.0.M2.jar:/home/yvan/.gradle/caches/modules-2/files-2.1/org.grails.plugins/async/4.0.0/41a4a5a76032ae71d77ce7a9722986ae5a42af04/async-4
Launcher Type: SUN_STANDARD

[Global flags]
     bool BytecodeVerificationLocal                = false                                     {product} {command line}
     bool BytecodeVerificationRemote               = false                                     {product} {command line}
     intx CICompilerCount                          = 3                                         {product} {command line}
     uint ConcGCThreads                            = 1                                         {product} {ergonomic}
     uint G1ConcRefinementThreads                  = 4                                         {product} {ergonomic}
   size_t G1HeapRegionSize                         = 1048576                                   {product} {ergonomic}
    uintx GCDrainStackTargetSize                   = 64                                        {product} {ergonomic}
   size_t InitialHeapSize                          = 805306368                                 {product} {command line}
   size_t MarkStackSize                            = 4194304                                   {product} {ergonomic}
   size_t MaxHeapSize                              = 1073741824                                {product} {command line}
   size_t MinHeapDeltaBytes                        = 1048576                                   {product} {ergonomic}
    uintx NonNMethodCodeHeapSize                   = 6973028                                {pd product} {ergonomic}
    uintx NonProfiledCodeHeapSize                  = 244685212                              {pd product} {ergonomic}
    uintx ProfiledCodeHeapSize                     = 0                                      {pd product} {ergonomic}
    uintx ReservedCodeCacheSize                    = 251658240                              {pd product} {ergonomic}
     bool SegmentedCodeCache                       = true                                      {product} {ergonomic}
     bool TieredCompilation                        = true                                   {pd product} {command line}
     intx TieredStopAtLevel                        = 1                                         {product} {command line}
     bool UseCompressedClassPointers               = true                                 {lp64_product} {ergonomic}
     bool UseCompressedOops                        = true                                 {lp64_product} {ergonomic}
     bool UseG1GC                                  = true                                      {product} {ergonomic}

Logging:
Log output configuration:
 #0: stdout all=warning uptime,level,tags
 #1: stderr all=off uptime,level,tags

Environment Variables:
PATH=/home/yvan/.sdkman/candidates/groovy/current/bin:/home/yvan/.sdkman/candidates/grails/current/bin:/home/linuxbrew/.linuxbrew/bin:/home/linuxbrew/.linuxbrew/sbin:/usr/local/sbin:/usr/local/bin:/usr/sbin:/usr/bin:/sbin:/bin:/usr/games:/usr/local/games:/snap/bin
SHELL=/bin/zsh
DISPLAY=:0

Signal Handlers:
SIGSEGV: [libjvm.so+0xdf1470], sa_mask[0]=11111111011111111101111111111110, sa_flags=SA_RESTART|SA_SIGINFO
SIGBUS: [libjvm.so+0xdf1470], sa_mask[0]=11111111011111111101111111111110, sa_flags=SA_RESTART|SA_SIGINFO
SIGFPE: [libjvm.so+0xdf1470], sa_mask[0]=11111111011111111101111111111110, sa_flags=SA_RESTART|SA_SIGINFO
SIGPIPE: [libjvm.so+0xbc5560], sa_mask[0]=11111111011111111101111111111110, sa_flags=SA_RESTART|SA_SIGINFO
SIGXFSZ: [libjvm.so+0xbc5560], sa_mask[0]=11111111011111111101111111111110, sa_flags=SA_RESTART|SA_SIGINFO
SIGILL: [libjvm.so+0xdf1470], sa_mask[0]=11111111011111111101111111111110, sa_flags=SA_RESTART|SA_SIGINFO
SIGUSR2: [libjvm.so+0xbc5400], sa_mask[0]=00100000000000000000000000000000, sa_flags=SA_RESTART|SA_SIGINFO
SIGHUP: SIG_DFL, sa_mask[0]=00000000000000000000000000000000, sa_flags=none
SIGINT: SIG_DFL, sa_mask[0]=00000000000000000000000000000000, sa_flags=none
SIGTERM: SIG_DFL, sa_mask[0]=00000000000000000000000000000000, sa_flags=none
SIGQUIT: SIG_DFL, sa_mask[0]=00000000000000000000000000000000, sa_flags=none


---------------  S Y S T E M  ---------------

OS:DISTRIB_ID=LinuxMint
DISTRIB_RELEASE=19.3
DISTRIB_CODENAME=tricia
DISTRIB_DESCRIPTION="Linux Mint 19.3 Tricia"
uname:Linux 4.15.0-54-generic #58-Ubuntu SMP Mon Jun 24 10:55:24 UTC 2019 x86_64
libc:glibc 2.27 NPTL 2.27 
rlimit: STACK 8192k, CORE 0k, NPROC 46588, NOFILE 4096, AS infinity, DATA infinity, FSIZE infinity
load average:2.80 1.72 1.43

/proc/meminfo:
MemTotal:       11989828 kB
MemFree:          145908 kB
MemAvailable:     278276 kB
Buffers:           38484 kB
Cached:          1481472 kB
SwapCached:         7796 kB
Active:         10073292 kB
Inactive:        1241956 kB
Active(anon):    9890100 kB
Inactive(anon):  1101128 kB
Active(file):     183192 kB
Inactive(file):   140828 kB
Unevictable:          64 kB
Mlocked:              64 kB
SwapTotal:       2097148 kB
SwapFree:         221380 kB
Dirty:              1040 kB
Writeback:             0 kB
AnonPages:       9789828 kB
Mapped:           867256 kB
Shmem:           1196044 kB
Slab:             252592 kB
SReclaimable:      91616 kB
SUnreclaim:       160976 kB
KernelStack:       28712 kB
PageTables:       137372 kB
NFS_Unstable:          0 kB
Bounce:                0 kB
WritebackTmp:          0 kB
CommitLimit:     8092060 kB
Committed_AS:   27467184 kB
VmallocTotal:   34359738367 kB
VmallocUsed:           0 kB
VmallocChunk:          0 kB
HardwareCorrupted:     0 kB
AnonHugePages:         0 kB
ShmemHugePages:        0 kB
ShmemPmdMapped:        0 kB
CmaTotal:              0 kB
CmaFree:               0 kB
HugePages_Total:       0
HugePages_Free:        0
HugePages_Rsvd:        0
HugePages_Surp:        0
Hugepagesize:       2048 kB
DirectMap4k:     1823208 kB
DirectMap2M:    10448896 kB
DirectMap1G:           0 kB


/proc/sys/kernel/threads-max (system-wide limit on the number of threads):
93177


/proc/sys/vm/max_map_count (maximum number of memory map areas a process may have):
65530


/proc/sys/kernel/pid_max (system-wide limit on number of process identifiers):
32768



container (cgroup) information:
container_type: cgroupv1
cpu_cpuset_cpus: 0-3
cpu_memory_nodes: 0
active_processor_count: 4
cpu_quota: -1
cpu_period: 100000
cpu_shares: -1
memory_limit_in_bytes: -1
memory_and_swap_limit_in_bytes: -2
memory_soft_limit_in_bytes: -1
memory_usage_in_bytes: 11551866880
memory_max_usage_in_bytes: 11790053376

Steal ticks since vm start: 0
Steal ticks percentage since vm start:  0.000

CPU:total 4 (initial active 4) (2 cores per cpu, 2 threads per core) family 6 model 61 stepping 4, cmov, cx8, fxsr, mmx, sse, sse2, sse3, ssse3, sse4.1, sse4.2, popcnt, avx, avx2, aes, clmul, erms, rtm, 3dnowpref, lzcnt, ht, tsc, tscinvbit, bmi1, bmi2, adx, fma
CPU Model and flags from /proc/cpuinfo:
model name	: Intel(R) Core(TM) i5-5300U CPU @ 2.30GHz
flags		: fpu vme de pse tsc msr pae mce cx8 apic sep mtrr pge mca cmov pat pse36 clflush dts acpi mmx fxsr sse sse2 ss ht tm pbe syscall nx pdpe1gb rdtscp lm constant_tsc arch_perfmon pebs bts rep_good nopl xtopology nonstop_tsc cpuid aperfmperf pni pclmulqdq dtes64 monitor ds_cpl vmx smx est tm2 ssse3 sdbg fma cx16 xtpr pdcm pcid sse4_1 sse4_2 x2apic movbe popcnt aes xsave avx f16c rdrand lahf_lm abm 3dnowprefetch cpuid_fault epb invpcid_single pti tpr_shadow vnmi flexpriority ept vpid fsgsbase tsc_adjust bmi1 hle avx2 smep bmi2 erms invpcid rtm rdseed adx smap intel_pt xsaveopt dtherm ida arat pln pts

Memory: 4k page, physical 11989828k(145908k free), swap 2097148k(221380k free)

vm_info: OpenJDK 64-Bit Server VM (11.0.6+10-post-Ubuntu-1ubuntu118.04.1) for linux-amd64 JRE (11.0.6+10-post-Ubuntu-1ubuntu118.04.1), built on Jan 15 2020 15:14:00 by "unknown" with gcc 7.4.0

END.
